  Spider.cpp
c:\users\18mac03\documents\github\centipede\centipede\centipede\spider.cpp(6): error C2511: 'Spider::Spider(void)': overloaded member function not found in 'Spider'
  c:\users\18mac03\documents\github\centipede\centipede\centipede\spider.h(5): note: see declaration of 'Spider'
  Scorpion.cpp
c:\users\18mac03\documents\github\centipede\centipede\centipede\scorpion.h(2): warning C4067: unexpected tokens following preprocessor directive - expected a newline
c:\users\18mac03\documents\github\centipede\centipede\centipede\scorpion.cpp(6): error C2511: 'Scorpion::Scorpion(void)': overloaded member function not found in 'Scorpion'
  c:\users\18mac03\documents\github\centipede\centipede\centipede\scorpion.h(5): note: see declaration of 'Scorpion'
c:\users\18mac03\documents\github\centipede\centipede\centipede\scorpion.cpp(7): error C2597: illegal reference to non-static member 'Scorpion::pointValue'
  Player.cpp
c:\users\18mac03\documents\github\centipede\centipede\centipede\player.cpp(6): error C2511: 'Player::Player(void)': overloaded member function not found in 'Player'
  c:\users\18mac03\documents\github\centipede\centipede\centipede\player.h(6): note: see declaration of 'Player'
  Flea.cpp
c:\users\18mac03\documents\github\centipede\centipede\centipede\flea.cpp(6): error C2511: 'Flea::Flea(void)': overloaded member function not found in 'Flea'
  c:\users\18mac03\documents\github\centipede\centipede\centipede\flea.h(5): note: see declaration of 'Flea'
c:\users\18mac03\documents\github\centipede\centipede\centipede\flea.cpp(7): error C2597: illegal reference to non-static member 'Flea::points'
  CentipedeSegment.cpp
c:\users\18mac03\documents\github\centipede\centipede\centipede\centipedesegment.h(2): warning C4067: unexpected tokens following preprocessor directive - expected a newline
c:\users\18mac03\documents\github\centipede\centipede\centipede\centipedesegment.cpp(6): error C2511: 'CentipedeSegment::CentipedeSegment(void)': overloaded member function not found in 'CentipedeSegment'
  c:\users\18mac03\documents\github\centipede\centipede\centipede\centipedesegment.h(5): note: see declaration of 'CentipedeSegment'
c:\users\18mac03\documents\github\centipede\centipede\centipede\centipedesegment.cpp(7): error C2597: illegal reference to non-static member 'CentipedeSegment::pointValue'
  CentipedeGame.cpp
c:\users\18mac03\documents\github\centipede\centipede\centipede\mushroom.h(2): warning C4067: unexpected tokens following preprocessor directive - expected a newline
c:\users\18mac03\documents\github\centipede\centipede\centipede\centipedegame.cpp(31): warning C4018: '<': signed/unsigned mismatch
c:\users\18mac03\documents\github\centipede\centipede\centipede\centipedegame.cpp(39): warning C4018: '<': signed/unsigned mismatch
  Generating Code...
